SF:lib/database/database_helper.dart
DA:85,1
DA:86,3
DA:89,1
DA:93,1
DA:98,1
DA:99,1
DA:100,0
DA:101,0
DA:103,0
DA:106,0
DA:107,0
DA:112,0
DA:113,0
DA:114,0
DA:115,0
DA:116,0
DA:117,0
DA:118,0
DA:119,0
DA:121,0
DA:132,0
DA:133,0
DA:134,0
DA:135,0
DA:136,0
DA:137,0
DA:138,0
DA:139,0
DA:140,0
DA:145,0
DA:146,0
DA:147,0
DA:166,0
DA:170,0
DA:171,0
DA:172,0
DA:190,0
DA:194,0
DA:195,0
DA:196,0
DA:210,0
DA:214,0
DA:215,0
DA:216,0
DA:229,0
DA:233,0
DA:234,0
DA:235,0
DA:246,0
DA:250,0
DA:251,0
DA:252,0
DA:271,0
DA:275,0
DA:276,0
DA:277,0
DA:295,0
DA:299,0
DA:301,0
DA:304,0
DA:305,0
DA:307,0
DA:308,0
DA:312,0
DA:313,0
DA:315,0
DA:316,0
DA:320,0
DA:321,0
DA:323,0
DA:324,0
DA:328,0
DA:329,0
DA:332,0
DA:337,0
DA:338,0
DA:339,0
DA:343,0
DA:344,0
DA:345,0
DA:346,0
DA:347,0
DA:348,0
DA:351,0
DA:353,0
DA:354,0
DA:355,0
DA:356,0
DA:357,0
DA:358,0
DA:359,0
DA:361,0
DA:364,0
DA:366,0
DA:369,0
DA:373,0
DA:374,0
DA:377,0
DA:378,0
DA:379,0
DA:380,0
DA:381,0
DA:382,0
DA:387,0
DA:388,0
DA:389,0
DA:390,0
DA:391,0
DA:392,0
DA:393,0
DA:394,0
DA:395,0
DA:396,0
DA:398,0
DA:400,0
DA:401,0
DA:402,0
DA:403,0
DA:404,0
DA:405,0
DA:406,0
DA:407,0
DA:409,0
DA:411,0
DA:412,0
DA:413,0
DA:414,0
DA:415,0
DA:416,0
DA:417,0
DA:418,0
DA:420,0
DA:423,0
DA:424,0
DA:425,0
DA:426,0
DA:427,0
DA:428,0
DA:430,0
DA:434,0
DA:436,0
DA:443,0
DA:445,0
DA:448,0
DA:449,0
DA:450,0
DA:458,0
DA:459,0
DA:460,0
DA:467,0
DA:468,0
DA:469,0
DA:476,0
DA:477,0
DA:478,0
DA:488,0
DA:489,0
DA:490,0
DA:496,0
DA:497,0
DA:498,0
DA:502,0
DA:503,0
DA:504,0
DA:509,0
DA:510,0
DA:511,0
DA:516,0
DA:517,0
DA:518,0
DA:521,0
DA:522,0
DA:523,0
DA:526,0
DA:529,0
DA:532,0
DA:533,0
DA:534,0
DA:535,0
DA:536,0
DA:537,0
DA:538,0
DA:539,0
DA:540,0
DA:541,0
DA:543,0
DA:544,0
DA:545,0
DA:546,0
DA:547,0
DA:548,0
DA:549,0
DA:550,0
DA:551,0
DA:553,0
DA:554,0
DA:555,0
DA:556,0
DA:557,0
DA:558,0
DA:559,0
DA:560,0
DA:561,0
DA:564,0
DA:565,0
DA:566,0
DA:567,0
DA:568,0
DA:569,0
DA:570,0
DA:575,0
DA:577,0
DA:578,0
DA:579,0
DA:580,0
DA:581,0
DA:582,0
DA:583,0
DA:584,0
DA:585,0
DA:586,0
DA:588,0
DA:589,0
DA:590,0
DA:591,0
DA:592,0
DA:593,0
DA:594,0
DA:595,0
DA:596,0
DA:598,0
DA:599,0
DA:600,0
DA:601,0
DA:602,0
DA:603,0
DA:604,0
DA:605,0
DA:606,0
DA:609,0
DA:610,0
DA:611,0
DA:612,0
DA:613,0
DA:614,0
DA:615,0
DA:617,0
DA:621,0
DA:623,0
DA:628,0
DA:633,0
DA:636,0
DA:639,0
DA:640,0
DA:641,0
DA:642,0
DA:643,0
DA:644,0
DA:645,0
DA:646,0
DA:647,0
DA:648,0
DA:650,0
DA:651,0
DA:652,0
DA:653,0
DA:654,0
DA:655,0
DA:656,0
DA:657,0
DA:658,0
DA:660,0
DA:661,0
DA:662,0
DA:663,0
DA:664,0
DA:665,0
DA:666,0
DA:667,0
DA:668,0
DA:671,0
DA:672,0
DA:673,0
DA:674,0
DA:675,0
DA:676,0
DA:677,0
DA:687,0
DA:694,0
DA:698,0
DA:699,0
DA:700,0
DA:708,0
DA:709,0
DA:710,0
DA:717,0
DA:718,0
DA:719,0
DA:726,0
DA:727,0
DA:728,0
DA:740,0
DA:741,0
DA:745,0
DA:747,0
DA:749,0
DA:753,0
DA:754,0
DA:758,0
DA:759,0
DA:760,0
DA:768,0
DA:769,0
DA:770,0
DA:777,0
DA:778,0
DA:779,0
DA:786,0
DA:787,0
DA:788,0
DA:798,0
DA:799,0
DA:803,0
DA:806,0
DA:810,0
DA:811,0
DA:812,0
DA:819,0
DA:820,0
DA:821,0
DA:827,0
DA:828,0
DA:829,0
DA:835,0
DA:836,0
DA:837,0
DA:853,0
DA:856,0
DA:860,0
DA:861,0
DA:862,0
DA:863,0
DA:866,0
DA:867,0
DA:869,0
DA:870,0
DA:872,0
DA:876,0
DA:882,0
DA:883,0
DA:884,0
DA:890,0
DA:891,0
DA:892,0
DA:898,0
DA:899,0
DA:900,0
DA:902,0
DA:906,0
DA:907,0
DA:908,0
DA:909,0
DA:914,0
DA:915,0
DA:916,0
DA:934,0
DA:938,0
DA:939,0
DA:940,0
DA:950,0
DA:961,0
DA:962,0
DA:963,0
DA:969,0
DA:972,0
DA:974,0
DA:975,0
DA:977,0
DA:980,0
DA:986,0
DA:987,0
DA:988,0
DA:991,0
DA:992,0
DA:993,0
DA:995,0
DA:999,0
DA:1002,0
DA:1003,0
DA:1004,0
DA:1005,0
DA:1008,0
DA:1010,0
DA:1015,0
DA:1016,0
DA:1017,0
DA:1021,0
DA:1022,0
DA:1031,0
DA:1034,0
DA:1036,0
DA:1038,0
DA:1041,0
DA:1047,0
DA:1048,0
DA:1049,0
DA:1052,0
DA:1053,0
DA:1054,0
DA:1056,0
DA:1060,0
DA:1063,0
DA:1064,0
DA:1065,0
DA:1066,0
DA:1069,0
DA:1072,0
DA:1076,0
DA:1077,0
DA:1078,0
DA:1082,0
DA:1083,0
DA:1092,0
DA:1095,0
DA:1097,0
DA:1099,0
DA:1102,0
DA:1108,0
DA:1109,0
DA:1110,0
DA:1113,0
DA:1114,0
DA:1115,0
DA:1117,0
DA:1121,0
DA:1124,0
DA:1125,0
DA:1126,0
DA:1127,0
DA:1132,0
DA:1137,0
DA:1138,0
DA:1139,0
DA:1143,0
DA:1144,0
DA:1151,0
DA:1154,0
DA:1156,0
DA:1158,0
DA:1161,0
DA:1167,0
DA:1168,0
DA:1169,0
DA:1171,0
DA:1175,0
DA:1176,0
DA:1177,0
DA:1180,0
DA:1181,0
DA:1182,0
DA:1187,0
DA:1190,0
DA:1191,0
DA:1192,0
DA:1196,0
DA:1197,0
DA:1198,0
DA:1201,0
DA:1202,0
DA:1203,0
DA:1204,0
DA:1205,0
DA:1206,0
DA:1208,0
DA:1209,0
DA:1211,0
DA:1213,0
DA:1214,0
DA:1217,0
DA:1218,0
DA:1222,0
DA:1223,0
DA:1224,0
DA:1227,0
DA:1230,0
DA:1233,1
DA:1235,2
DA:1239,0
DA:1242,0
DA:1243,0
DA:1244,0
DA:1247,2
LF:492
LH:9
end_of_record
